<?xml version="1.0" encoding="UTF-8"?>
<testng-results ignored="0" total="1" passed="1" failed="0" skipped="0">
  <reporter-output>
  </reporter-output>
  <suite started-at="2024-01-10T18:34:50 IST" name="Suite" finished-at="2024-01-10T18:34:54 IST" duration-ms="3771">
    <groups>
    </groups>
    <test started-at="2024-01-10T18:34:50 IST" name="Test" finished-at="2024-01-10T18:34:54 IST" duration-ms="3771">
      <class name="Testcase.Login">
        <test-method is-config="true" signature="Browserchoose()[pri:0, instance:Testcase.Login@69453e37]" started-at="2024-01-10T18:34:33 IST" name="Browserchoose" finished-at="2024-01-10T18:34:50 IST" duration-ms="17072" status="PASS">
          <reporter-output>
          </reporter-output>
        </test-method> <!-- Browserchoose -->
        <test-method signature="Logincase()[pri:0, instance:Testcase.Login@69453e37]" started-at="2024-01-10T18:34:50 IST" name="Logincase" finished-at="2024-01-10T18:34:53 IST" duration-ms="2049" status="PASS">
          <reporter-output>
          </reporter-output>
        </test-method> <!-- Logincase -->
        <test-method is-config="true" signature="Teardownmethod(org.testng.ITestResult)[pri:0, instance:Testcase.Login@69453e37]" started-at="2024-01-10T18:34:53 IST" name="Teardownmethod" finished-at="2024-01-10T18:34:54 IST" duration-ms="1523" status="PASS">
          <params>
            <param index="0">
              <value>
                <![CDATA[[TestResult name=Logincase status=SUCCESS method=Login.Logincase()[pri:0, instance:Testcase.Login@69453e37] output={null}]]]>
              </value>
            </param>
          </params>
          <reporter-output>
          </reporter-output>
        </test-method> <!-- Teardownmethod -->
        <test-method is-config="true" signature="teardown()[pri:0, instance:Testcase.Login@69453e37]" started-at="2024-01-10T18:34:54 IST" name="teardown" finished-at="2024-01-10T18:34:57 IST" duration-ms="2801" status="PASS">
          <reporter-output>
          </reporter-output>
        </test-method> <!-- teardown -->
      </class> <!-- Testcase.Login -->
    </test> <!-- Test -->
  </suite> <!-- Suite -->
</testng-results>
